S:\STUDENT FOLDERS\HUNTER BERGERUD\HBGAMEENGINE\DEBUG\ANIMATEDSPRITE.OBJ
S:\Student Folders\Hunter Bergerud\HBGameEngine\Debug\cl.command.1.tlog
S:\Student Folders\Hunter Bergerud\HBGameEngine\Debug\CL.read.1.tlog
S:\Student Folders\Hunter Bergerud\HBGameEngine\Debug\CL.write.1.tlog
S:\STUDENT FOLDERS\HUNTER BERGERUD\HBGAMEENGINE\DEBUG\FONTMANAGER.OBJ
S:\STUDENT FOLDERS\HUNTER BERGERUD\HBGAMEENGINE\DEBUG\HBGAMEENGINE.EXE
S:\STUDENT FOLDERS\HUNTER BERGERUD\HBGAMEENGINE\DEBUG\HBGAMEENGINE.EXE.EMBED.MANIFEST
S:\STUDENT FOLDERS\HUNTER BERGERUD\HBGAMEENGINE\DEBUG\HBGAMEENGINE.EXE.EMBED.MANIFEST.RES
S:\STUDENT FOLDERS\HUNTER BERGERUD\HBGAMEENGINE\DEBUG\HBGAMEENGINE.EXE.INTERMEDIATE.MANIFEST
S:\STUDENT FOLDERS\HUNTER BERGERUD\HBGAMEENGINE\DEBUG\HBGAMEENGINE.ILK
S:\STUDENT FOLDERS\HUNTER BERGERUD\HBGAMEENGINE\DEBUG\HBGAMEENGINE.PDB
S:\Student Folders\Hunter Bergerud\HBGameEngine\Debug\HBGameEngine_manifest.rc
S:\Student Folders\Hunter Bergerud\HBGameEngine\Debug\link.1080.read.1.tlog
S:\Student Folders\Hunter Bergerud\HBGameEngine\Debug\link.1080.read.2.tlog
S:\Student Folders\Hunter Bergerud\HBGameEngine\Debug\link.1080.write.1.tlog
S:\Student Folders\Hunter Bergerud\HBGameEngine\Debug\link.1080-cvtres.read.1.tlog
S:\Student Folders\Hunter Bergerud\HBGameEngine\Debug\link.1080-cvtres.write.1.tlog
S:\Student Folders\Hunter Bergerud\HBGameEngine\Debug\link.1268.read.1.tlog
S:\Student Folders\Hunter Bergerud\HBGameEngine\Debug\link.1268.read.2.tlog
S:\Student Folders\Hunter Bergerud\HBGameEngine\Debug\link.1268.write.1.tlog
S:\Student Folders\Hunter Bergerud\HBGameEngine\Debug\link.1268-cvtres.read.1.tlog
S:\Student Folders\Hunter Bergerud\HBGameEngine\Debug\link.1268-cvtres.write.1.tlog
S:\Student Folders\Hunter Bergerud\HBGameEngine\Debug\link.1872.read.1.tlog
S:\Student Folders\Hunter Bergerud\HBGameEngine\Debug\link.1872.read.2.tlog
S:\Student Folders\Hunter Bergerud\HBGameEngine\Debug\link.1872.write.1.tlog
S:\Student Folders\Hunter Bergerud\HBGameEngine\Debug\link.1872-cvtres.read.1.tlog
S:\Student Folders\Hunter Bergerud\HBGameEngine\Debug\link.1872-cvtres.write.1.tlog
S:\Student Folders\Hunter Bergerud\HBGameEngine\Debug\link.3176.read.1.tlog
S:\Student Folders\Hunter Bergerud\HBGameEngine\Debug\link.3176.read.2.tlog
S:\Student Folders\Hunter Bergerud\HBGameEngine\Debug\link.3176.write.1.tlog
S:\Student Folders\Hunter Bergerud\HBGameEngine\Debug\link.3176-cvtres.read.1.tlog
S:\Student Folders\Hunter Bergerud\HBGameEngine\Debug\link.3176-cvtres.write.1.tlog
S:\Student Folders\Hunter Bergerud\HBGameEngine\Debug\link.3196.read.1.tlog
S:\Student Folders\Hunter Bergerud\HBGameEngine\Debug\link.3196.read.2.tlog
S:\Student Folders\Hunter Bergerud\HBGameEngine\Debug\link.3196.write.1.tlog
S:\Student Folders\Hunter Bergerud\HBGameEngine\Debug\link.3196-cvtres.read.1.tlog
S:\Student Folders\Hunter Bergerud\HBGameEngine\Debug\link.3196-cvtres.write.1.tlog
S:\Student Folders\Hunter Bergerud\HBGameEngine\Debug\link.3236.read.1.tlog
S:\Student Folders\Hunter Bergerud\HBGameEngine\Debug\link.3236.read.2.tlog
S:\Student Folders\Hunter Bergerud\HBGameEngine\Debug\link.3236.write.1.tlog
S:\Student Folders\Hunter Bergerud\HBGameEngine\Debug\link.3236-cvtres.read.1.tlog
S:\Student Folders\Hunter Bergerud\HBGameEngine\Debug\link.3236-cvtres.write.1.tlog
S:\Student Folders\Hunter Bergerud\HBGameEngine\Debug\link.3316.read.1.tlog
S:\Student Folders\Hunter Bergerud\HBGameEngine\Debug\link.3316.read.2.tlog
S:\Student Folders\Hunter Bergerud\HBGameEngine\Debug\link.3316.write.1.tlog
S:\Student Folders\Hunter Bergerud\HBGameEngine\Debug\link.3316-cvtres.read.1.tlog
S:\Student Folders\Hunter Bergerud\HBGameEngine\Debug\link.3316-cvtres.write.1.tlog
S:\Student Folders\Hunter Bergerud\HBGameEngine\Debug\link.3372.read.1.tlog
S:\Student Folders\Hunter Bergerud\HBGameEngine\Debug\link.3372.read.2.tlog
S:\Student Folders\Hunter Bergerud\HBGameEngine\Debug\link.3372.write.1.tlog
S:\Student Folders\Hunter Bergerud\HBGameEngine\Debug\link.3372-cvtres.read.1.tlog
S:\Student Folders\Hunter Bergerud\HBGameEngine\Debug\link.3372-cvtres.write.1.tlog
S:\Student Folders\Hunter Bergerud\HBGameEngine\Debug\link.3484.read.1.tlog
S:\Student Folders\Hunter Bergerud\HBGameEngine\Debug\link.3484.read.2.tlog
S:\Student Folders\Hunter Bergerud\HBGameEngine\Debug\link.3484.write.1.tlog
S:\Student Folders\Hunter Bergerud\HBGameEngine\Debug\link.3484-cvtres.read.1.tlog
S:\Student Folders\Hunter Bergerud\HBGameEngine\Debug\link.3484-cvtres.write.1.tlog
S:\Student Folders\Hunter Bergerud\HBGameEngine\Debug\link.400.read.1.tlog
S:\Student Folders\Hunter Bergerud\HBGameEngine\Debug\link.400.read.2.tlog
S:\Student Folders\Hunter Bergerud\HBGameEngine\Debug\link.400.write.1.tlog
S:\Student Folders\Hunter Bergerud\HBGameEngine\Debug\link.400-cvtres.read.1.tlog
S:\Student Folders\Hunter Bergerud\HBGameEngine\Debug\link.400-cvtres.write.1.tlog
S:\Student Folders\Hunter Bergerud\HBGameEngine\Debug\link.4172.read.1.tlog
S:\Student Folders\Hunter Bergerud\HBGameEngine\Debug\link.4172.read.2.tlog
S:\Student Folders\Hunter Bergerud\HBGameEngine\Debug\link.4172.write.1.tlog
S:\Student Folders\Hunter Bergerud\HBGameEngine\Debug\link.4172-cvtres.read.1.tlog
S:\Student Folders\Hunter Bergerud\HBGameEngine\Debug\link.4172-cvtres.write.1.tlog
S:\Student Folders\Hunter Bergerud\HBGameEngine\Debug\link.4284.read.1.tlog
S:\Student Folders\Hunter Bergerud\HBGameEngine\Debug\link.4284.read.2.tlog
S:\Student Folders\Hunter Bergerud\HBGameEngine\Debug\link.4284.write.1.tlog
S:\Student Folders\Hunter Bergerud\HBGameEngine\Debug\link.4284-cvtres.read.1.tlog
S:\Student Folders\Hunter Bergerud\HBGameEngine\Debug\link.4284-cvtres.write.1.tlog
S:\Student Folders\Hunter Bergerud\HBGameEngine\Debug\link.4656.read.1.tlog
S:\Student Folders\Hunter Bergerud\HBGameEngine\Debug\link.4656.read.2.tlog
S:\Student Folders\Hunter Bergerud\HBGameEngine\Debug\link.4656.write.1.tlog
S:\Student Folders\Hunter Bergerud\HBGameEngine\Debug\link.4656-cvtres.read.1.tlog
S:\Student Folders\Hunter Bergerud\HBGameEngine\Debug\link.4656-cvtres.write.1.tlog
S:\Student Folders\Hunter Bergerud\HBGameEngine\Debug\link.5148.read.1.tlog
S:\Student Folders\Hunter Bergerud\HBGameEngine\Debug\link.5148.read.2.tlog
S:\Student Folders\Hunter Bergerud\HBGameEngine\Debug\link.5148.write.1.tlog
S:\Student Folders\Hunter Bergerud\HBGameEngine\Debug\link.5148-cvtres.read.1.tlog
S:\Student Folders\Hunter Bergerud\HBGameEngine\Debug\link.5148-cvtres.write.1.tlog
S:\Student Folders\Hunter Bergerud\HBGameEngine\Debug\link.5192.read.1.tlog
S:\Student Folders\Hunter Bergerud\HBGameEngine\Debug\link.5192.read.2.tlog
S:\Student Folders\Hunter Bergerud\HBGameEngine\Debug\link.5192.write.1.tlog
S:\Student Folders\Hunter Bergerud\HBGameEngine\Debug\link.5192-cvtres.read.1.tlog
S:\Student Folders\Hunter Bergerud\HBGameEngine\Debug\link.5192-cvtres.write.1.tlog
S:\Student Folders\Hunter Bergerud\HBGameEngine\Debug\link.5208.read.1.tlog
S:\Student Folders\Hunter Bergerud\HBGameEngine\Debug\link.5208.read.2.tlog
S:\Student Folders\Hunter Bergerud\HBGameEngine\Debug\link.5208.write.1.tlog
S:\Student Folders\Hunter Bergerud\HBGameEngine\Debug\link.5208-cvtres.read.1.tlog
S:\Student Folders\Hunter Bergerud\HBGameEngine\Debug\link.5208-cvtres.write.1.tlog
S:\Student Folders\Hunter Bergerud\HBGameEngine\Debug\link.5216.read.1.tlog
S:\Student Folders\Hunter Bergerud\HBGameEngine\Debug\link.5216.read.2.tlog
S:\Student Folders\Hunter Bergerud\HBGameEngine\Debug\link.5216.write.1.tlog
S:\Student Folders\Hunter Bergerud\HBGameEngine\Debug\link.5216-cvtres.read.1.tlog
S:\Student Folders\Hunter Bergerud\HBGameEngine\Debug\link.5216-cvtres.write.1.tlog
S:\Student Folders\Hunter Bergerud\HBGameEngine\Debug\link.5360.read.1.tlog
S:\Student Folders\Hunter Bergerud\HBGameEngine\Debug\link.5360.read.2.tlog
S:\Student Folders\Hunter Bergerud\HBGameEngine\Debug\link.5360.write.1.tlog
S:\Student Folders\Hunter Bergerud\HBGameEngine\Debug\link.5360-cvtres.read.1.tlog
S:\Student Folders\Hunter Bergerud\HBGameEngine\Debug\link.5360-cvtres.write.1.tlog
S:\Student Folders\Hunter Bergerud\HBGameEngine\Debug\link.5400.read.1.tlog
S:\Student Folders\Hunter Bergerud\HBGameEngine\Debug\link.5400.read.2.tlog
S:\Student Folders\Hunter Bergerud\HBGameEngine\Debug\link.5400.write.1.tlog
S:\Student Folders\Hunter Bergerud\HBGameEngine\Debug\link.5400-cvtres.read.1.tlog
S:\Student Folders\Hunter Bergerud\HBGameEngine\Debug\link.5400-cvtres.write.1.tlog
S:\Student Folders\Hunter Bergerud\HBGameEngine\Debug\link.5412.read.1.tlog
S:\Student Folders\Hunter Bergerud\HBGameEngine\Debug\link.5412.read.2.tlog
S:\Student Folders\Hunter Bergerud\HBGameEngine\Debug\link.5412.write.1.tlog
S:\Student Folders\Hunter Bergerud\HBGameEngine\Debug\link.5412-cvtres.read.1.tlog
S:\Student Folders\Hunter Bergerud\HBGameEngine\Debug\link.5412-cvtres.write.1.tlog
S:\Student Folders\Hunter Bergerud\HBGameEngine\Debug\link.5476.read.1.tlog
S:\Student Folders\Hunter Bergerud\HBGameEngine\Debug\link.5476.read.2.tlog
S:\Student Folders\Hunter Bergerud\HBGameEngine\Debug\link.5476.write.1.tlog
S:\Student Folders\Hunter Bergerud\HBGameEngine\Debug\link.5476-cvtres.read.1.tlog
S:\Student Folders\Hunter Bergerud\HBGameEngine\Debug\link.5476-cvtres.write.1.tlog
S:\Student Folders\Hunter Bergerud\HBGameEngine\Debug\link.5632.read.1.tlog
S:\Student Folders\Hunter Bergerud\HBGameEngine\Debug\link.5632.read.2.tlog
S:\Student Folders\Hunter Bergerud\HBGameEngine\Debug\link.5632.write.1.tlog
S:\Student Folders\Hunter Bergerud\HBGameEngine\Debug\link.5632-cvtres.read.1.tlog
S:\Student Folders\Hunter Bergerud\HBGameEngine\Debug\link.5632-cvtres.write.1.tlog
S:\Student Folders\Hunter Bergerud\HBGameEngine\Debug\link.5720.read.1.tlog
S:\Student Folders\Hunter Bergerud\HBGameEngine\Debug\link.5720.read.2.tlog
S:\Student Folders\Hunter Bergerud\HBGameEngine\Debug\link.5720.write.1.tlog
S:\Student Folders\Hunter Bergerud\HBGameEngine\Debug\link.5720-cvtres.read.1.tlog
S:\Student Folders\Hunter Bergerud\HBGameEngine\Debug\link.5720-cvtres.write.1.tlog
S:\Student Folders\Hunter Bergerud\HBGameEngine\Debug\link.5980.read.1.tlog
S:\Student Folders\Hunter Bergerud\HBGameEngine\Debug\link.5980.read.2.tlog
S:\Student Folders\Hunter Bergerud\HBGameEngine\Debug\link.5980.write.1.tlog
S:\Student Folders\Hunter Bergerud\HBGameEngine\Debug\link.5980-cvtres.read.1.tlog
S:\Student Folders\Hunter Bergerud\HBGameEngine\Debug\link.5980-cvtres.write.1.tlog
S:\Student Folders\Hunter Bergerud\HBGameEngine\Debug\link.6052.read.1.tlog
S:\Student Folders\Hunter Bergerud\HBGameEngine\Debug\link.6052.read.2.tlog
S:\Student Folders\Hunter Bergerud\HBGameEngine\Debug\link.6052.write.1.tlog
S:\Student Folders\Hunter Bergerud\HBGameEngine\Debug\link.6052-cvtres.read.1.tlog
S:\Student Folders\Hunter Bergerud\HBGameEngine\Debug\link.6052-cvtres.write.1.tlog
S:\Student Folders\Hunter Bergerud\HBGameEngine\Debug\link.6376.read.1.tlog
S:\Student Folders\Hunter Bergerud\HBGameEngine\Debug\link.6376.read.2.tlog
S:\Student Folders\Hunter Bergerud\HBGameEngine\Debug\link.6376.write.1.tlog
S:\Student Folders\Hunter Bergerud\HBGameEngine\Debug\link.6376-cvtres.read.1.tlog
S:\Student Folders\Hunter Bergerud\HBGameEngine\Debug\link.6376-cvtres.write.1.tlog
S:\Student Folders\Hunter Bergerud\HBGameEngine\Debug\link.6596.read.1.tlog
S:\Student Folders\Hunter Bergerud\HBGameEngine\Debug\link.6596.read.2.tlog
S:\Student Folders\Hunter Bergerud\HBGameEngine\Debug\link.6596.write.1.tlog
S:\Student Folders\Hunter Bergerud\HBGameEngine\Debug\link.6596-cvtres.read.1.tlog
S:\Student Folders\Hunter Bergerud\HBGameEngine\Debug\link.6596-cvtres.write.1.tlog
S:\Student Folders\Hunter Bergerud\HBGameEngine\Debug\link.6608.read.1.tlog
S:\Student Folders\Hunter Bergerud\HBGameEngine\Debug\link.6608.read.2.tlog
S:\Student Folders\Hunter Bergerud\HBGameEngine\Debug\link.6608.write.1.tlog
S:\Student Folders\Hunter Bergerud\HBGameEngine\Debug\link.6608-cvtres.read.1.tlog
S:\Student Folders\Hunter Bergerud\HBGameEngine\Debug\link.6608-cvtres.write.1.tlog
S:\Student Folders\Hunter Bergerud\HBGameEngine\Debug\link.6672.read.1.tlog
S:\Student Folders\Hunter Bergerud\HBGameEngine\Debug\link.6672.read.2.tlog
S:\Student Folders\Hunter Bergerud\HBGameEngine\Debug\link.6672.write.1.tlog
S:\Student Folders\Hunter Bergerud\HBGameEngine\Debug\link.6672-cvtres.read.1.tlog
S:\Student Folders\Hunter Bergerud\HBGameEngine\Debug\link.6672-cvtres.write.1.tlog
S:\Student Folders\Hunter Bergerud\HBGameEngine\Debug\link.command.1.tlog
S:\Student Folders\Hunter Bergerud\HBGameEngine\Debug\link.read.1.tlog
S:\Student Folders\Hunter Bergerud\HBGameEngine\Debug\link.read.2.tlog
S:\Student Folders\Hunter Bergerud\HBGameEngine\Debug\link.write.1.tlog
S:\Student Folders\Hunter Bergerud\HBGameEngine\Debug\link-cvtres.read.1.tlog
S:\Student Folders\Hunter Bergerud\HBGameEngine\Debug\link-cvtres.write.1.tlog
S:\STUDENT FOLDERS\HUNTER BERGERUD\HBGAMEENGINE\DEBUG\LOG.OBJ
S:\STUDENT FOLDERS\HUNTER BERGERUD\HBGAMEENGINE\DEBUG\MAIN.OBJ
S:\Student Folders\Hunter Bergerud\HBGameEngine\Debug\mt.command.1.tlog
S:\Student Folders\Hunter Bergerud\HBGameEngine\Debug\mt.read.1.tlog
S:\Student Folders\Hunter Bergerud\HBGameEngine\Debug\mt.write.1.tlog
S:\STUDENT FOLDERS\HUNTER BERGERUD\HBGAMEENGINE\DEBUG\QUAD.OBJ
S:\Student Folders\Hunter Bergerud\HBGameEngine\Debug\rc.command.1.tlog
S:\Student Folders\Hunter Bergerud\HBGameEngine\Debug\rc.read.1.tlog
S:\Student Folders\Hunter Bergerud\HBGameEngine\Debug\rc.write.1.tlog
S:\STUDENT FOLDERS\HUNTER BERGERUD\HBGAMEENGINE\DEBUG\SPRITE.OBJ
S:\STUDENT FOLDERS\HUNTER BERGERUD\HBGAMEENGINE\DEBUG\STDAFX.OBJ
S:\STUDENT FOLDERS\HUNTER BERGERUD\HBGAMEENGINE\DEBUG\TEXTFILEREADER.OBJ
S:\STUDENT FOLDERS\HUNTER BERGERUD\HBGAMEENGINE\DEBUG\UTILITIES.OBJ
S:\Student Folders\Hunter Bergerud\HBGameEngine\Debug\vc100.idb
S:\STUDENT FOLDERS\HUNTER BERGERUD\HBGAMEENGINE\DEBUG\VC100.PDB
