Build started 3/4/2014 1:52:19 PM.
     1>Project "S:\Student Folders\Hunter Bergerud\HBGameEngine\HBGameEngine.vcxproj" on node 2 (rebuild target(s)).
     1>_PrepareForClean:
         Deleting file "Debug\HBGameEngine.lastbuildstate".
       InitializeBuildStatus:
         Touching "Debug\HBGameEngine.unsuccessfulbuild".
       ClCompile:
         C:\Program Files (x86)\Microsoft Visual Studio 10.0\VC\bin\CL.exe /c /ZI /nologo /W3 /WX- /Od /Oy- /D WIN32 /D _DEBUG /D _CONSOLE /D _UNICODE /D UNICODE /Gm /EHsc /RTC1 /MDd /GS /fp:precise /Zc:wchar_t /Zc:forScope /Yu"StdAfx.h" /Fp"Debug\HBGameEngine.pch" /Fo"Debug\\" /Fd"Debug\vc100.pdb" /Gd /TP /analyze- /errorReport:prompt AnimatedSprite.cpp Log.cpp main.cpp Quad.cpp Sprite.cpp stdafx.cpp TextFileReader.cpp Utilities.cpp
         Utilities.cpp
     1>s:\student folders\hunter bergerud\hbgameengine\utilities.cpp(165): fatal error C1010: unexpected end of file while looking for precompiled header. Did you forget to add '#include "StdAfx.h"' to your source?
         TextFileReader.cpp
     1>s:\student folders\hunter bergerud\hbgameengine\textfilereader.cpp(38): fatal error C1010: unexpected end of file while looking for precompiled header. Did you forget to add '#include "StdAfx.h"' to your source?
         stdafx.cpp
     1>s:\student folders\hunter bergerud\hbgameengine\stdafx.cpp(5): fatal error C1083: Cannot open precompiled header file: 'Debug\HBGameEngine.pch': No such file or directory
         Sprite.cpp
     1>s:\student folders\hunter bergerud\hbgameengine\sprite.cpp(202): fatal error C1010: unexpected end of file while looking for precompiled header. Did you forget to add '#include "StdAfx.h"' to your source?
         Quad.cpp
     1>s:\student folders\hunter bergerud\hbgameengine\quad.cpp(161): fatal error C1010: unexpected end of file while looking for precompiled header. Did you forget to add '#include "StdAfx.h"' to your source?
         main.cpp
     1>s:\student folders\hunter bergerud\hbgameengine\main.cpp(10): fatal error C1010: unexpected end of file while looking for precompiled header. Did you forget to add '#include "StdAfx.h"' to your source?
         Log.cpp
     1>s:\student folders\hunter bergerud\hbgameengine\log.cpp(155): fatal error C1010: unexpected end of file while looking for precompiled header. Did you forget to add '#include "StdAfx.h"' to your source?
         AnimatedSprite.cpp
     1>s:\student folders\hunter bergerud\hbgameengine\animatedsprite.cpp(1): fatal error C1010: unexpected end of file while looking for precompiled header. Did you forget to add '#include "StdAfx.h"' to your source?
         Generating Code...
     1>Done Building Project "S:\Student Folders\Hunter Bergerud\HBGameEngine\HBGameEngine.vcxproj" (rebuild target(s)) -- FAILED.

Build FAILED.

Time Elapsed 00:00:00.60
